This file contains any messages produced by compilers while
running configure, to aid debugging if configure makes a mistake.

configure:611: checking for a BSD compatible install
configure:664: checking whether build environment is sane
configure:721: checking whether make sets ${MAKE}
configure:767: checking for working aclocal
configure:780: checking for working autoconf
configure:793: checking for working automake
configure:806: checking for working autoheader
configure:819: checking for working makeinfo
configure:936: checking whether to enable maintainer-specific portions of Makefiles
configure:961: checking for gcc
configure:1074: checking whether the C compiler (gcc  ) works
configure:1090: gcc -o conftest    conftest.c  1>&5
configure:1116: checking whether the C compiler (gcc  ) is a cross-compiler
configure:1121: checking whether we are using GNU C
configure:1130: gcc -E conftest.c
configure:1149: checking whether gcc accepts -g
configure:1181: checking how to run the C preprocessor
configure:1202: gcc -E  conftest.c >/dev/null 2>conftest.out
configure:1266: checking for flex
configure:1299: checking for flex
configure:1333: checking for yywrap in -lfl
configure:1352: gcc -o conftest -g -O2   conftest.c -lfl   1>&5
configure:1375: checking lex output file root
configure:1396: checking whether yytext is a pointer
configure:1415: gcc -o conftest -g -O2   conftest.c  -lfl 1>&5
configure:1441: checking for bison
configure:1473: checking for flex prefix 
configure:1507: checking for FlexLexer.h in /usr/local/include
configure:1592: checking host system type
configure:1613: checking build system type
configure:1633: checking for ranlib
configure:1672: checking for ld used by GCC
configure:1734: checking if the linker (/usr/local/sparc-sun-solaris2.8/bin/ld) is GNU ld
GNU ld version 2.9.1 (with BFD 2.9.1)
configure:1750: checking for BSD-compatible nm
configure:1786: checking whether ln -s works
ltconfig:603: checking for object suffix
ltconfig:604: gcc -c -g -O2  conftest.c 1>&5
ltconfig:629: checking for executable suffix
ltconfig:630: gcc -o conftest -g -O2   conftest.c  1>&5
ltconfig:776: checking if gcc PIC flag -fPIC works
ltconfig:777: gcc -c -g -O2 -fPIC -DPIC  conftest.c 1>&5
ltconfig:829: checking if gcc supports -c -o file.o
ltconfig:830: gcc -c -g -O2 -o out/conftest2.o  conftest.c 1>&5
ltconfig:862: checking if gcc supports -c -o file.lo
ltconfig:863: gcc -c -g -O2 -c -o conftest.lo  conftest.c 1>&5
ltconfig:914: checking if gcc supports -fno-rtti -fno-exceptions
ltconfig:915: gcc -c -g -O2 -fno-rtti -fno-exceptions -c conftest.c  conftest.c 1>&5
ltconfig:958: checking if gcc static flag -static works
ltconfig:959: gcc -o conftest -g -O2   -static conftest.c  1>&5
GNU ld version 2.9.1 (with BFD 2.9.1)
ltconfig:1635: checking if global_symbol_pipe works
ltconfig:1636: gcc -c -g -O2  conftest.c 1>&5
ltconfig:1639: eval "/usr/local/bin/nm -B conftest.o | sed -n -e 's/^.*[ 	]\([ABCDGISTW]\)[ 	][ 	]*\(\)\([_A-Za-z][_A-Za-z0-9]*\)$/\1 \2\3 \3/p' > conftest.nm"
ltconfig:1691: gcc -o conftest -g -O2 -fno-builtin -fno-rtti -fno-exceptions   conftest.c conftstm.o 1>&5
configure:1976: checking for gm4
configure:1976: checking for m4
configure:2010: checking for dc
configure:2049: checking for perl
configure:2091: checking for c++
configure:2123: checking whether the C++ compiler (c++  -g  ) works
configure:2139: c++ -o conftest  -g    conftest.C  1>&5
configure:2165: checking whether the C++ compiler (c++  -g  ) is a cross-compiler
configure:2170: checking whether we are using GNU C++
configure:2179: c++ -E conftest.C
configure:2198: checking whether c++ accepts -g
configure:2238: checking if C++ compiler uses namespaces
configure:2253: c++ -c  -g   conftest.C 1>&5
configure:2314: checking if C++ compiler supports bool (required)
configure:2327: c++ -c  -g   conftest.C 1>&5
configure:2346: checking if C++ compiler supports mutable
configure:2362: c++ -c  -g   conftest.C 1>&5
configure:2385: checking if C++ compiler supports const_cast<> (required)
configure:2399: c++ -c  -g   conftest.C 1>&5
configure:2418: checking if C++ compiler requires const_cast<> for C decl
configure:2432: c++ -c  -g   conftest.C 1>&5
configure: In function `void foo2(const int *)':
configure:2423: passing `const int *' as argument 1 of `foo(int *)' discards qualifiers
configure: failed program was:
#line 2420 "configure"
#include "confdefs.h"

extern "C"  { void foo(int *f) {return;} };
void foo2(const int* f) { foo(f);}

int main() {

   const int *i;   foo2(i);

; return 0; }
configure:2451: checking if C++ compiler supports member templates
configure:2469: c++ -c  -g   conftest.C 1>&5
configure:2494: checking if C++ compiler supports partial specialization
configure:2512: c++ -c  -g   conftest.C 1>&5
configure:2533: checking if C++ environment has working string class (required)
configure:2558: c++ -o conftest  -g    conftest.C  1>&5
configure:2580: checking if C++ compiler has HP ambiguous template bug
configure:2604: c++ -c  -g   conftest.C 1>&5
configure:2627: checking if C++ compiler has gcc anonymous union bug
configure:2667: c++ -o conftest  -g    conftest.C  1>&5
configure: failed program was:
#line 2635 "configure"
#include "confdefs.h"
#ifdef __cplusplus
extern "C" void exit(int);
#endif

struct Bob;
struct Fred
  {
   Bob *b;
   Bob *emit()       {return b;}
   Bob *operator()() {return b;}
  };

struct Bob
  {
   int i;
   int j;
   union {
     Bob *self;
     Fred fred;
   };
   Bob():self(this) {}
  };

int main(int argc,char **argv)
  {
   Bob bob;
   return bob.fred.emit()==bob.fred();
  }

configure:2706: checking if C++ environment provides all required features
configure:2727: c++ -c  -g   conftest.C 1>&5
configure:2764: checking for a BSD compatible install
configure:2817: checking how to run the C++ preprocessor
configure:2835: c++ -E  conftest.C >/dev/null 2>conftest.out
configure:2860: checking for ANSI C header files
configure:2873: c++ -E  conftest.C >/dev/null 2>conftest.out
configure:2943: c++ -o conftest -Wall  -g  -fPIC    conftest.C  1>&5
